<?xml version="1.0" encoding="UTF-8"?>
<!-- Generated by org.testng.reporters.JUnitReportReporter -->
<testsuite skipped="0" hostname="ip-172-31-23-119" name="test.AnnotationExample" tests="2" failures="0" timestamp="2022-03-28T13:09:39 UTC" time="0.003" errors="0">
  <testcase name="test1" time="0.001" classname="test.AnnotationExample"/>
  <system-out/>
  <testcase name="test2" time="0.002" classname="test.AnnotationExample"/>
  <system-out/>
</testsuite> <!-- test.AnnotationExample -->
