<?xml version="1.0" encoding="UTF-8"?>
<!-- Generated by org.testng.reporters.JUnitReportReporter -->
<testsuite skipped="0" hostname="ip-172-31-23-119" name="pckg2.CheckoutTest" tests="1" failures="0" timestamp="2022-03-28T13:31:44 UTC" time="0.006" errors="0">
  <testcase name="test4" time="0.006" classname="pckg2.CheckoutTest"/>
  <system-out/>
</testsuite> <!-- pckg2.CheckoutTest -->
