<?xml version="1.0" encoding="UTF-8"?>
<!-- Generated by org.testng.reporters.JUnitReportReporter -->
<testsuite skipped="0" hostname="ip-172-31-23-119" name="test2.CheckoutTest" tests="1" failures="0" timestamp="2022-03-28T13:09:39 UTC" time="0.001" errors="0">
  <testcase name="test4" time="0.001" classname="test2.CheckoutTest"/>
  <system-out/>
</testsuite> <!-- test2.CheckoutTest -->
