<?xml version="1.0" encoding="UTF-8"?>
<!-- Generated by org.testng.reporters.JUnitReportReporter -->
<testsuite skipped="0" hostname="ip-172-31-23-119" name="test.HomepageTest" tests="1" failures="0" timestamp="2022-03-28T13:09:39 UTC" time="0.005" errors="0">
  <testcase name="test3" time="0.005" classname="test.HomepageTest"/>
  <system-out/>
</testsuite> <!-- test.HomepageTest -->
